===============================================================
Gobuster v3.0.1
by OJ Reeves (@TheColonial) & Christian Mehlmauer (@_FireFart_)
===============================================================
[+] Url:            http://10.10.131.48/api
[+] Threads:        10
[+] Wordlist:       /Users/rsuttiyotin/thm/SecLists/Discovery/Web-Content/big.txt
[+] Status codes:   200,204,301,302,307,401,403
[+] User Agent:     gobuster/3.0.1
[+] Extensions:     php
[+] Timeout:        10s
===============================================================
2020/12/05 14:23:52 Starting gobuster
===============================================================
/.htpasswd (Status: 403)
/.htpasswd.php (Status: 403)
/.htaccess (Status: 403)
/.htaccess.php (Status: 403)
/site-log.php (Status: 200)
===============================================================
2020/12/05 14:47:17 Finished
===============================================================
