===============================================================
Gobuster v3.0.1
by OJ Reeves (@TheColonial) & Christian Mehlmauer (@_FireFart_)
===============================================================
[+] Url:            http://10.10.89.157/
[+] Threads:        10
[+] Wordlist:       /usr/share/wordlists/dirb/common.txt
[+] Status codes:   200,204,301,302,307,401,403
[+] User Agent:     gobuster/3.0.1
[+] Extensions:     php
[+] Timeout:        10s
===============================================================
2020/09/12 00:39:00 Starting gobuster
===============================================================
/.hta (Status: 403)
/.hta.php (Status: 403)
/.htaccess (Status: 403)
/.htaccess.php (Status: 403)
/.htpasswd (Status: 403)
/.htpasswd.php (Status: 403)
/assets (Status: 301)
/denied.php (Status: 302)
/index.html (Status: 200)
/login.php (Status: 200)
/portal.php (Status: 302)
/robots.txt (Status: 200)
/server-status (Status: 403)
===============================================================
2020/09/12 00:44:04 Finished
===============================================================
