- Nikto v2.1.6
---------------------------------------------------------------------------
+ Target IP:          10.10.89.157
+ Target Hostname:    10.10.89.157
+ Target Port:        80
+ Start Time:         2020-09-12 00:21:43 (GMT-4)
---------------------------------------------------------------------------
+ Server: Apache/2.4.18 (Ubuntu)
+ The anti-clickjacking X-Frame-Options header is not present.
+ The X-XSS-Protection header is not defined. This header can hint to the user agent to protect against some forms of XSS
+ The X-Content-Type-Options header is not set. This could allow the user agent to render the content of the site in a different fashion to the MIME type
+ No CGI Directories found (use '-C all' to force check all possible dirs)
+ Server may leak inodes via ETags, header found with file /, inode: 426, size: 5818ccf125686, mtime: gzip
+ Apache/2.4.18 appears to be outdated (current is at least Apache/2.4.37). Apache 2.2.34 is the EOL for the 2.x branch.
+ Cookie PHPSESSID created without the httponly flag
+ Allowed HTTP Methods: OPTIONS, GET, HEAD, POST 
+ OSVDB-3233: /icons/README: Apache default file found.
+ /login.php: Admin login page/section found.
+ 7889 requests: 0 error(s) and 9 item(s) reported on remote host
+ End Time:           2020-09-12 01:06:50 (GMT-4) (2707 seconds)
---------------------------------------------------------------------------
+ 1 host(s) tested
