===============================================================
Gobuster v3.0.1
by OJ Reeves (@TheColonial) & Christian Mehlmauer (@_FireFart_)
===============================================================
[+] Url:            http://10.10.252.66
[+] Threads:        10
[+] Wordlist:       /usr/share/wordlists/dirb/common.txt
[+] Status codes:   200,204,301,302,307,401,403
[+] User Agent:     gobuster/3.0.1
[+] Timeout:        10s
===============================================================
2020/09/11 08:01:07 Starting gobuster
===============================================================
/.htaccess (Status: 403)
/.hta (Status: 403)
/.htpasswd (Status: 403)
/index.html (Status: 200)
/robots.txt (Status: 200)
/server-status (Status: 403)
/simple (Status: 301)
===============================================================
2020/09/11 08:04:08 Finished
===============================================================
